<?xml version="1.0" encoding="UTF-8"?>
<testsuite name="testSuiteTodoist.ChangeTheNameAccount" tests="1" skipped="0" failures="0" errors="0" timestamp="2024-10-23T22:43:20" hostname="VAL3PC" time="28.842">
  <properties/>
  <testcase name="Change the name of the account successfully" classname="testSuiteTodoist.ChangeTheNameAccount" time="28.842"/>
  <system-out><![CDATA[]]></system-out>
  <system-err><![CDATA[oct. 23, 2024 6:43:24 P. M. org.openqa.selenium.devtools.CdpVersionFinder findNearestMatch
ADVERTENCIA: Unable to find an exact match for CDP version 130, returning the closest version; found: 129; Please update to a Selenium version that supports CDP version 130
]]></system-err>
</testsuite>
